<?xml version="1.0" encoding="UTF-8"?>
<!-- Generated by org.testng.reporters.JUnitReportReporter -->
<testsuite hostname="DESKTOP-UP6J5H6" failures="0" tests="1" name="com.medicureapp.MediCureTest" time="19.161" errors="0" timestamp="2023-08-04T00:37:32 IST" skipped="0">
  <testcase classname="com.medicureapp.MediCureTest" name="testapp" time="19.161"/>
</testsuite> <!-- com.medicureapp.MediCureTest -->
